# JRE version: OpenJDK Runtime Environment Microsoft-8035246 (17.0.8+7) (build 17.0.8+7-LTS)
# Java VM: OpenJDK 64-Bit Server VM Microsoft-8035246 (17.0.8+7-LTS, mixed mode, sharing, tiered, compressed oops, compressed class ptrs, g1 gc, windows-amd64)
GC Precious Log:
 CPUs: 8 total, 8 available
 Memory: 10178M
 Large Page Support: Disabled
 NUMA Support: Disabled
 Compressed Oops: Enabled (32-bit)
 Heap Region Size: 1M
 Heap Min Capacity: 8M
 Heap Initial Capacity: 160M
 Heap Max Capacity: 2G
 Pre-touch: Disabled
 Parallel Workers: 8
 Concurrent Workers: 2
 Concurrent Refinement Workers: 8
 Periodic GC: Disabled
Heap:
 garbage-first heap   total 190464K, used 112669K [0x0000000080000000, 0x0000000100000000)
  region size 1024K, 24 young (24576K), 6 survivors (6144K)
 Metaspace       used 73912K, committed 74688K, reserved 491520K
  class space    used 10379K, committed 10752K, reserved 425984K
GC Heap History (20 events):
Event: 28.298 GC heap before
{Heap before GC invocations=26 (full 0):
 garbage-first heap   total 104448K, used 85371K [0x0000000080000000, 0x0000000100000000)
  region size 1024K, 22 young (22528K), 1 survivors (1024K)
 Metaspace       used 62285K, committed 62848K, reserved 491520K
  class space    used 8749K, committed 9024K, reserved 425984K
}
Event: 28.302 GC heap after
{Heap after GC invocations=27 (full 0):
 garbage-first heap   total 104448K, used 65911K [0x0000000080000000, 0x0000000100000000)
  region size 1024K, 3 young (3072K), 3 survivors (3072K)
 Metaspace       used 62285K, committed 62848K, reserved 491520K
  class space    used 8749K, committed 9024K, reserved 425984K
}
Event: 28.362 GC heap before
{Heap before GC invocations=27 (full 0):
 garbage-first heap   total 104448K, used 67959K [0x0000000080000000, 0x0000000100000000)
  region size 1024K, 5 young (5120K), 3 survivors (3072K)
 Metaspace       used 62499K, committed 63040K, reserved 491520K
  class space    used 8783K, committed 9024K, reserved 425984K
}
Event: 28.367 GC heap after
{Heap after GC invocations=28 (full 0):
 garbage-first heap   total 104448K, used 65080K [0x0000000080000000, 0x0000000100000000)
  region size 1024K, 1 young (1024K), 1 survivors (1024K)
 Metaspace       used 62499K, committed 63040K, reserved 491520K
  class space    used 8783K, committed 9024K, reserved 425984K
}
Event: 28.961 GC heap before
{Heap before GC invocations=28 (full 0):
 garbage-first heap   total 104448K, used 84536K [0x0000000080000000, 0x0000000100000000)
  region size 1024K, 20 young (20480K), 1 survivors (1024K)
 Metaspace       used 63638K, committed 64320K, reserved 491520K
  class space    used 8943K, committed 9280K, reserved 425984K
}
Event: 28.967 GC heap after
{Heap after GC invocations=29 (full 0):
 garbage-first heap   total 190464K, used 66444K [0x0000000080000000, 0x0000000100000000)
  region size 1024K, 2 young (2048K), 2 survivors (2048K)
 Metaspace       used 63638K, committed 64320K, reserved 491520K
  class space    used 8943K, committed 9280K, reserved 425984K
}
Event: 31.214 GC heap before
{Heap before GC invocations=30 (full 0):
 garbage-first heap   total 190464K, used 127884K [0x0000000080000000, 0x0000000100000000)
  region size 1024K, 62 young (63488K), 2 survivors (2048K)
 Metaspace       used 66617K, committed 67264K, reserved 491520K
  class space    used 9353K, committed 9664K, reserved 425984K
}
Event: 31.225 GC heap after
{Heap after GC invocations=31 (full 0):
 garbage-first heap   total 190464K, used 71171K [0x0000000080000000, 0x0000000100000000)
  region size 1024K, 7 young (7168K), 7 survivors (7168K)
 Metaspace       used 66617K, committed 67264K, reserved 491520K
  class space    used 9353K, committed 9664K, reserved 425984K
}
Event: 31.377 GC heap before
{Heap before GC invocations=31 (full 0):
 garbage-first heap   total 190464K, used 73219K [0x0000000080000000, 0x0000000100000000)
  region size 1024K, 9 young (9216K), 7 survivors (7168K)
 Metaspace       used 66735K, committed 67456K, reserved 491520K
  class space    used 9364K, committed 9728K, reserved 425984K
}
Event: 31.385 GC heap after
{Heap after GC invocations=32 (full 0):
 garbage-first heap   total 190464K, used 71625K [0x0000000080000000, 0x0000000100000000)
  region size 1024K, 2 young (2048K), 2 survivors (2048K)
 Metaspace       used 66735K, committed 67456K, reserved 491520K
  class space    used 9364K, committed 9728K, reserved 425984K
}
Event: 34.281 GC heap before
{Heap before GC invocations=32 (full 0):
 garbage-first heap   total 190464K, used 133065K [0x0000000080000000, 0x0000000100000000)
  region size 1024K, 62 young (63488K), 2 survivors (2048K)
 Metaspace       used 69829K, committed 70528K, reserved 491520K
  class space    used 9810K, committed 10176K, reserved 425984K
}
Event: 34.298 GC heap after
{Heap after GC invocations=33 (full 0):
 garbage-first heap   total 190464K, used 77070K [0x0000000080000000, 0x0000000100000000)
  region size 1024K, 7 young (7168K), 7 survivors (7168K)
 Metaspace       used 69829K, committed 70528K, reserved 491520K
  class space    used 9810K, committed 10176K, reserved 425984K
}
Event: 47.510 GC heap before
{Heap before GC invocations=33 (full 0):
 garbage-first heap   total 190464K, used 137486K [0x0000000080000000, 0x0000000100000000)
  region size 1024K, 66 young (67584K), 7 survivors (7168K)
 Metaspace       used 73003K, committed 73792K, reserved 491520K
  class space    used 10334K, committed 10688K, reserved 425984K
}
Event: 47.527 GC heap after
{Heap after GC invocations=34 (full 0):
 garbage-first heap   total 190464K, used 79488K [0x0000000080000000, 0x0000000100000000)
  region size 1024K, 5 young (5120K), 5 survivors (5120K)
 Metaspace       used 73003K, committed 73792K, reserved 491520K
  class space    used 10334K, committed 10688K, reserved 425984K
}
Event: 50.606 GC heap before
{Heap before GC invocations=34 (full 0):
 garbage-first heap   total 190464K, used 141952K [0x0000000080000000, 0x0000000100000000)
  region size 1024K, 66 young (67584K), 5 survivors (5120K)
 Metaspace       used 73824K, committed 74560K, reserved 491520K
  class space    used 10375K, committed 10752K, reserved 425984K
}
Event: 50.623 GC heap after
{Heap after GC invocations=35 (full 0):
 garbage-first heap   total 190464K, used 87629K [0x0000000080000000, 0x0000000100000000)
  region size 1024K, 9 young (9216K), 9 survivors (9216K)
 Metaspace       used 73824K, committed 74560K, reserved 491520K
  class space    used 10375K, committed 10752K, reserved 425984K
}
Event: 51.195 GC heap before
{Heap before GC invocations=35 (full 0):
 garbage-first heap   total 190464K, used 143949K [0x0000000080000000, 0x0000000100000000)
  region size 1024K, 65 young (66560K), 9 survivors (9216K)
 Metaspace       used 73880K, committed 74688K, reserved 491520K
  class space    used 10376K, committed 10752K, reserved 425984K
}
Event: 51.209 GC heap after
{Heap after GC invocations=36 (full 0):
 garbage-first heap   total 190464K, used 92332K [0x0000000080000000, 0x0000000100000000)
  region size 1024K, 5 young (5120K), 5 survivors (5120K)
 Metaspace       used 73880K, committed 74688K, reserved 491520K
  class space    used 10376K, committed 10752K, reserved 425984K
}
Event: 51.796 GC heap before
{Heap before GC invocations=36 (full 0):
 garbage-first heap   total 190464K, used 146604K [0x0000000080000000, 0x0000000100000000)
  region size 1024K, 59 young (60416K), 5 survivors (5120K)
 Metaspace       used 73884K, committed 74688K, reserved 491520K
  class space    used 10376K, committed 10752K, reserved 425984K
}
Event: 51.803 GC heap after
{Heap after GC invocations=37 (full 0):
 garbage-first heap   total 190464K, used 93213K [0x0000000080000000, 0x0000000100000000)
  region size 1024K, 6 young (6144K), 6 survivors (6144K)
 Metaspace       used 73884K, committed 74688K, reserved 491520K
  class space    used 10376K, committed 10752K, reserved 425984K
}

